// 同步 ID: bd07bd4e @ Sat May 30 12:06:02 UTC 2026
// 同步 ID: baef59f3 @ Sat May 30 16:52:21 UTC 2026
// 同步 ID: 2796f150 @ Sun May 31 15:03:14 UTC 2026
// 重构日志: 1f70088b
// 同步 ID: 55165200 @ Fri Jun  5 17:37:58 UTC 2026
// 同步 ID: 15025181 @ Sat Jun  6 11:52:43 UTC 2026
// 重构日志: cbcb19af
// 同步 ID: 55bb4ff8 @ Sun Jun  7 03:13:20 UTC 2026
// 重构日志: c67367f5
// 同步 ID: db711e85 @ Sun Jun  7 16:35:08 UTC 2026
// 同步 ID: c290ef56 @ Tue Jun  9 00:54:18 UTC 2026
// 重构日志: c0c9b33f
// 重构日志: ad88f73c
// 同步 ID: 9ace7375 @ Wed Jun 10 16:34:53 UTC 2026
// 重构日志: 0f921372
// 重构日志: 40caaf27
// 同步 ID: f8a4a6ae @ Wed Jun 17 00:39:01 UTC 2026
// 重构日志: ac522930
// 重构日志: 3e3d7ff5
// 重构日志: 41c40438
// 同步 ID: 7ccc133c @ Sat Jun 20 05:51:53 UTC 2026
// 重构日志: 605b6205
// 重构日志: db4a6245
// 重构日志: e7928dc4
// 同步 ID: 8224e4ec @ Sun Jun 21 09:08:46 UTC 2026
// 重构日志: c2b1b20e
// 重构日志: d8650980
// 重构日志: d33bfc36
// 重构日志: e0817287
// 同步 ID: 2b7cb674 @ Thu Jun 25 17:10:20 UTC 2026
